<?xml version="1.0" encoding="UTF-8"?>
<testsuite name="Utest" tests="1" skipped="0" failures="0" errors="0" timestamp="2022-03-30T23:36:53" hostname="manuel" time="16.761">
  <properties/>
  <testcase name="Search for automation course" classname="Utest" time="16.761"/>
  <system-out><![CDATA[]]></system-out>
  <system-err><![CDATA[[Test worker] WARN net.thucydides.core.steps.BaseStepListener - stepStarted: net.thucydides.core.steps.ExecutedStepDescription@28801892
[Test worker] WARN net.thucydides.core.steps.BaseStepListener - stepStarted: net.thucydides.core.steps.ExecutedStepDescription@4ae6f45f
[Test worker] WARN net.thucydides.core.steps.BaseStepListener - stepStarted: net.thucydides.core.steps.ExecutedStepDescription@53952e7f
mar 30, 2022 6:36:53 P. M. org.openqa.selenium.remote.DesiredCapabilities chrome
INFORMACIÓN: Using `new ChromeOptions()` is preferred to `DesiredCapabilities.chrome()`
[Test worker] INFO net.serenitybdd.core.webdriver.driverproviders.ProvideNewDriver - Instantiating driver
[Test worker] INFO net.serenitybdd.core.webdriver.driverproviders.ProvideNewDriver - Driver capabilities: Capabilities {acceptInsecureCerts: false, browserName: chrome, chrome.switches: --start-maximized, goog:chromeOptions: {args: [--start-maximized], extensions: []}, loggingPrefs: org.openqa.selenium.logging..., platform: ANY, version: }
Starting ChromeDriver 99.0.4844.51 (d537ec02474b5afe23684e7963d538896c63ac77-refs/branch-heads/4844@{#875}) on port 10454
Only local connections are allowed.
Please see https://chromedriver.chromium.org/security-considerations for suggestions on keeping ChromeDriver safe.
ChromeDriver was started successfully.
mar 30, 2022 6:36:54 P. M. org.openqa.selenium.remote.ProtocolHandshake createSession
INFORMACIÓN: Detected dialect: W3C
[Test worker] WARN net.thucydides.core.steps.BaseStepListener - stepFinished: current outcome:Search for automation course:Given than manuel wants to learn automation at the utest
| strUsername | strPassword |
| meerazo7@hotmail.com | Manuel123* | [Manuel open up [Manuel opens the Utest page]]
[Test worker] WARN net.thucydides.core.steps.BaseStepListener - stepFinished: current outcome:Search for automation course:Given than manuel wants to learn automation at the utest
| strUsername | strPassword |
| meerazo7@hotmail.com | Manuel123* | [Manuel open up [Manuel opens the Utest page]]
[Test worker] WARN net.thucydides.core.steps.BaseStepListener - stepStarted: net.thucydides.core.steps.ExecutedStepDescription@15383533
[Test worker] WARN net.thucydides.core.steps.BaseStepListener - stepStarted: net.thucydides.core.steps.ExecutedStepDescription@256d83b3
[Test worker] WARN net.thucydides.core.steps.BaseStepListener - stepFinished: current outcome:Search for automation course:Given than manuel wants to learn automation at the utest
| strUsername | strPassword |
| meerazo7@hotmail.com | Manuel123* | [Manuel open up [Manuel opens the Utest page], Manuel login [Manuel clicks on button that show us the form to login]]
[Test worker] WARN net.thucydides.core.steps.BaseStepListener - stepStarted: net.thucydides.core.steps.ExecutedStepDescription@53ae1fcb
[Test worker] WARN net.thucydides.core.steps.BaseStepListener - stepFinished: current outcome:Search for automation course:Given than manuel wants to learn automation at the utest
| strUsername | strPassword |
| meerazo7@hotmail.com | Manuel123* | [Manuel open up [Manuel opens the Utest page], Manuel login [Manuel clicks on button that show us the form to login, Manuel enters 'meerazo7@hotmail.com' into where do we write the user]]
[Test worker] WARN net.thucydides.core.steps.BaseStepListener - stepStarted: net.thucydides.core.steps.ExecutedStepDescription@4e4640ee
[Test worker] WARN net.thucydides.core.steps.BaseStepListener - stepFinished: current outcome:Search for automation course:Given than manuel wants to learn automation at the utest
| strUsername | strPassword |
| meerazo7@hotmail.com | Manuel123* | [Manuel open up [Manuel opens the Utest page], Manuel login [Manuel clicks on button that show us the form to login, Manuel enters 'meerazo7@hotmail.com' into where do we write the user, Manuel enters 'Manuel123*' into where do we write the password]]
[Test worker] WARN net.thucydides.core.steps.BaseStepListener - stepStarted: net.thucydides.core.steps.ExecutedStepDescription@1f8e3810
[Test worker] WARN net.thucydides.core.steps.BaseStepListener - stepFinished: current outcome:Search for automation course:Given than manuel wants to learn automation at the utest
| strUsername | strPassword |
| meerazo7@hotmail.com | Manuel123* | [Manuel open up [Manuel opens the Utest page], Manuel login [Manuel clicks on button that show us the form to login, Manuel enters 'meerazo7@hotmail.com' into where do we write the user, Manuel enters 'Manuel123*' into where do we write the password, Manuel clicks on button to confirm login]]
[Test worker] WARN net.thucydides.core.steps.BaseStepListener - stepFinished: current outcome:Search for automation course:Given than manuel wants to learn automation at the utest
| strUsername | strPassword |
| meerazo7@hotmail.com | Manuel123* | [Manuel open up [Manuel opens the Utest page], Manuel login [Manuel clicks on button that show us the form to login, Manuel enters 'meerazo7@hotmail.com' into where do we write the user, Manuel enters 'Manuel123*' into where do we write the password, Manuel clicks on button to confirm login]]
[Test worker] WARN net.thucydides.core.steps.BaseStepListener - stepFinished: current outcome:Search for automation course:Given than manuel wants to learn automation at the utest
| strUsername | strPassword |
| meerazo7@hotmail.com | Manuel123* | [Manuel open up [Manuel opens the Utest page], Manuel login [Manuel clicks on button that show us the form to login, Manuel enters 'meerazo7@hotmail.com' into where do we write the user, Manuel enters 'Manuel123*' into where do we write the password, Manuel clicks on button to confirm login]]
[Test worker] WARN net.thucydides.core.steps.BaseStepListener - stepStarted: net.thucydides.core.steps.ExecutedStepDescription@694b6c7e
[Test worker] WARN net.thucydides.core.steps.BaseStepListener - stepFinished: current outcome:Search for automation course:Given than manuel wants to learn automation at the utest
| strUsername | strPassword |
| meerazo7@hotmail.com | Manuel123* | [Manuel open up [Manuel opens the Utest page], Manuel login [Manuel clicks on button that show us the form to login, Manuel enters 'meerazo7@hotmail.com' into where do we write the user, Manuel enters 'Manuel123*' into where do we write the password, Manuel clicks on button to confirm login]], When he finds the coursed called utest
[Test worker] WARN net.thucydides.core.steps.BaseStepListener - stepStarted: net.thucydides.core.steps.ExecutedStepDescription@771028a2
[Test worker] WARN net.thucydides.core.steps.BaseStepListener - stepStarted: net.thucydides.core.steps.ExecutedStepDescription@6aff8dc1
[Test worker] WARN net.thucydides.core.steps.BaseStepListener - stepStarted: net.thucydides.core.steps.ExecutedStepDescription@40b0756a
[Test worker] WARN net.thucydides.core.steps.BaseStepListener - stepFinished: current outcome:Search for automation course:Given than manuel wants to learn automation at the utest
| strUsername | strPassword |
| meerazo7@hotmail.com | Manuel123* | [Manuel open up [Manuel opens the Utest page], Manuel login [Manuel clicks on button that show us the form to login, Manuel enters 'meerazo7@hotmail.com' into where do we write the user, Manuel enters 'Manuel123*' into where do we write the password, Manuel clicks on button to confirm login]], When he finds the coursed called utest, Then the user Logout with their credentials [Manuel log out [Manuel clicks on expand button]]
[Test worker] WARN net.thucydides.core.steps.BaseStepListener - stepStarted: net.thucydides.core.steps.ExecutedStepDescription@29c8de07
[Test worker] WARN net.thucydides.core.steps.BaseStepListener - stepFinished: current outcome:Search for automation course:Given than manuel wants to learn automation at the utest
| strUsername | strPassword |
| meerazo7@hotmail.com | Manuel123* | [Manuel open up [Manuel opens the Utest page], Manuel login [Manuel clicks on button that show us the form to login, Manuel enters 'meerazo7@hotmail.com' into where do we write the user, Manuel enters 'Manuel123*' into where do we write the password, Manuel clicks on button to confirm login]], When he finds the coursed called utest, Then the user Logout with their credentials [Manuel log out [Manuel clicks on expand button, Manuel clicks on Logout button]]
[Test worker] WARN net.thucydides.core.steps.BaseStepListener - stepFinished: current outcome:Search for automation course:Given than manuel wants to learn automation at the utest
| strUsername | strPassword |
| meerazo7@hotmail.com | Manuel123* | [Manuel open up [Manuel opens the Utest page], Manuel login [Manuel clicks on button that show us the form to login, Manuel enters 'meerazo7@hotmail.com' into where do we write the user, Manuel enters 'Manuel123*' into where do we write the password, Manuel clicks on button to confirm login]], When he finds the coursed called utest, Then the user Logout with their credentials [Manuel log out [Manuel clicks on expand button, Manuel clicks on Logout button]]
[Test worker] WARN net.thucydides.core.steps.BaseStepListener - stepFinished: current outcome:Search for automation course:Given than manuel wants to learn automation at the utest
| strUsername | strPassword |
| meerazo7@hotmail.com | Manuel123* | [Manuel open up [Manuel opens the Utest page], Manuel login [Manuel clicks on button that show us the form to login, Manuel enters 'meerazo7@hotmail.com' into where do we write the user, Manuel enters 'Manuel123*' into where do we write the password, Manuel clicks on button to confirm login]], When he finds the coursed called utest, Then the user Logout with their credentials [Manuel log out [Manuel clicks on expand button, Manuel clicks on Logout button]]
[Test worker] WARN net.thucydides.core.steps.BaseStepListener - testFinished: Search for automation course:Given than manuel wants to learn automation at the utest
| strUsername | strPassword |
| meerazo7@hotmail.com | Manuel123* | [Manuel open up [Manuel opens the Utest page], Manuel login [Manuel clicks on button that show us the form to login, Manuel enters 'meerazo7@hotmail.com' into where do we write the user, Manuel enters 'Manuel123*' into where do we write the password, Manuel clicks on button to confirm login]], When he finds the coursed called utest, Then the user Logout with their credentials [Manuel log out [Manuel clicks on expand button, Manuel clicks on Logout button]]
[Test worker] WARN net.thucydides.core.steps.BaseStepListener - TestOutcomes: [Search for automation course:Given than manuel wants to learn automation at the utest
| strUsername | strPassword |
| meerazo7@hotmail.com | Manuel123* | [Manuel open up [Manuel opens the Utest page], Manuel login [Manuel clicks on button that show us the form to login, Manuel enters 'meerazo7@hotmail.com' into where do we write the user, Manuel enters 'Manuel123*' into where do we write the password, Manuel clicks on button to confirm login]], When he finds the coursed called utest, Then the user Logout with their credentials [Manuel log out [Manuel clicks on expand button, Manuel clicks on Logout button]]]
[Test worker] WARN net.thucydides.core.steps.BaseStepListener - Final testOutcomes: [Search for automation course:Given than manuel wants to learn automation at the utest
| strUsername | strPassword |
| meerazo7@hotmail.com | Manuel123* | [Manuel open up [Manuel opens the Utest page], Manuel login [Manuel clicks on button that show us the form to login, Manuel enters 'meerazo7@hotmail.com' into where do we write the user, Manuel enters 'Manuel123*' into where do we write the password, Manuel clicks on button to confirm login]], When he finds the coursed called utest, Then the user Logout with their credentials [Manuel log out [Manuel clicks on expand button, Manuel clicks on Logout button]]]
[Test worker] INFO net.thucydides.core.steps.ConsoleLoggingListener - 
        __    _____ _____ ____ _____   ____   _    ____  ____  _____ ____  
  _     \ \  |_   _| ____/ ___|_   _| |  _ \ / \  / ___|/ ___|| ____|  _ \ 
 (_)_____| |   | | |  _| \___ \ | |   | |_) / _ \ \___ \\___ \|  _| | | | |
  _|_____| |   | | | |___ ___) || |   |  __/ ___ \ ___) |___) | |___| |_| |
 (_)     | |   |_| |_____|____/ |_|   |_| /_/   \_\____/|____/|_____|____/ 
        /_/                                                                

TEST PASSED: Search for automation course
----------------------------------------------------------------------------
]]></system-err>
</testsuite>
