<?xml version="1.0" encoding="UTF-8"?>
<testsuite name="Utest" tests="2" skipped="0" failures="0" errors="0" timestamp="2022-03-31T02:53:13" hostname="manuel" time="36.778">
  <properties/>
  <testcase name="Login the user" classname="Utest" time="19.701"/>
  <testcase name="Register a new user" classname="Utest" time="17.065"/>
  <system-out><![CDATA[]]></system-out>
  <system-err><![CDATA[[Test worker] WARN net.thucydides.core.steps.BaseStepListener - stepStarted: net.thucydides.core.steps.ExecutedStepDescription@5f6357f6
[Test worker] WARN net.thucydides.core.steps.BaseStepListener - stepStarted: net.thucydides.core.steps.ExecutedStepDescription@5fde05eb
[Test worker] WARN net.thucydides.core.steps.BaseStepListener - stepStarted: net.thucydides.core.steps.ExecutedStepDescription@6d274fed
mar 30, 2022 9:53:14 P. M. org.openqa.selenium.remote.DesiredCapabilities chrome
INFORMACIÓN: Using `new ChromeOptions()` is preferred to `DesiredCapabilities.chrome()`
[Test worker] INFO net.serenitybdd.core.webdriver.driverproviders.ProvideNewDriver - Instantiating driver
[Test worker] INFO net.serenitybdd.core.webdriver.driverproviders.ProvideNewDriver - Driver capabilities: Capabilities {acceptInsecureCerts: false, browserName: chrome, chrome.switches: --start-maximized, goog:chromeOptions: {args: [--start-maximized], extensions: []}, loggingPrefs: org.openqa.selenium.logging..., platform: ANY, version: }
Starting ChromeDriver 99.0.4844.51 (d537ec02474b5afe23684e7963d538896c63ac77-refs/branch-heads/4844@{#875}) on port 10927
Only local connections are allowed.
Please see https://chromedriver.chromium.org/security-considerations for suggestions on keeping ChromeDriver safe.
ChromeDriver was started successfully.
mar 30, 2022 9:53:16 P. M. org.openqa.selenium.remote.ProtocolHandshake createSession
INFORMACIÓN: Detected dialect: W3C
[Test worker] WARN net.thucydides.core.steps.BaseStepListener - stepFinished: current outcome:Login the user:Given than manuel wants to learn automation at the utest
| strUsername | strPassword |
| meerazo7@hotmail.com | Manuel123* | [Manuel open up [Manuel opens the Utest page]]
[Test worker] WARN net.thucydides.core.steps.BaseStepListener - stepFinished: current outcome:Login the user:Given than manuel wants to learn automation at the utest
| strUsername | strPassword |
| meerazo7@hotmail.com | Manuel123* | [Manuel open up [Manuel opens the Utest page]]
[Test worker] WARN net.thucydides.core.steps.BaseStepListener - stepStarted: net.thucydides.core.steps.ExecutedStepDescription@11271498
[Test worker] WARN net.thucydides.core.steps.BaseStepListener - stepStarted: net.thucydides.core.steps.ExecutedStepDescription@5d0ae44
[Test worker] WARN net.thucydides.core.steps.BaseStepListener - stepFinished: current outcome:Login the user:Given than manuel wants to learn automation at the utest
| strUsername | strPassword |
| meerazo7@hotmail.com | Manuel123* | [Manuel open up [Manuel opens the Utest page], Manuel login [Manuel clicks on button that show us the form to login]]
[Test worker] WARN net.thucydides.core.steps.BaseStepListener - stepStarted: net.thucydides.core.steps.ExecutedStepDescription@56275072
[Test worker] WARN net.thucydides.core.steps.BaseStepListener - stepFinished: current outcome:Login the user:Given than manuel wants to learn automation at the utest
| strUsername | strPassword |
| meerazo7@hotmail.com | Manuel123* | [Manuel open up [Manuel opens the Utest page], Manuel login [Manuel clicks on button that show us the form to login, Manuel enters 'meerazo7@hotmail.com' into where do we write the user]]
[Test worker] WARN net.thucydides.core.steps.BaseStepListener - stepStarted: net.thucydides.core.steps.ExecutedStepDescription@657159e
[Test worker] WARN net.thucydides.core.steps.BaseStepListener - stepFinished: current outcome:Login the user:Given than manuel wants to learn automation at the utest
| strUsername | strPassword |
| meerazo7@hotmail.com | Manuel123* | [Manuel open up [Manuel opens the Utest page], Manuel login [Manuel clicks on button that show us the form to login, Manuel enters 'meerazo7@hotmail.com' into where do we write the user, Manuel enters 'Manuel123*' into where do we write the password]]
[Test worker] WARN net.thucydides.core.steps.BaseStepListener - stepStarted: net.thucydides.core.steps.ExecutedStepDescription@51be1a25
[Test worker] WARN net.thucydides.core.steps.BaseStepListener - stepFinished: current outcome:Login the user:Given than manuel wants to learn automation at the utest
| strUsername | strPassword |
| meerazo7@hotmail.com | Manuel123* | [Manuel open up [Manuel opens the Utest page], Manuel login [Manuel clicks on button that show us the form to login, Manuel enters 'meerazo7@hotmail.com' into where do we write the user, Manuel enters 'Manuel123*' into where do we write the password, Manuel clicks on button to confirm login]]
[Test worker] WARN net.thucydides.core.steps.BaseStepListener - stepFinished: current outcome:Login the user:Given than manuel wants to learn automation at the utest
| strUsername | strPassword |
| meerazo7@hotmail.com | Manuel123* | [Manuel open up [Manuel opens the Utest page], Manuel login [Manuel clicks on button that show us the form to login, Manuel enters 'meerazo7@hotmail.com' into where do we write the user, Manuel enters 'Manuel123*' into where do we write the password, Manuel clicks on button to confirm login]]
[Test worker] WARN net.thucydides.core.steps.BaseStepListener - stepFinished: current outcome:Login the user:Given than manuel wants to learn automation at the utest
| strUsername | strPassword |
| meerazo7@hotmail.com | Manuel123* | [Manuel open up [Manuel opens the Utest page], Manuel login [Manuel clicks on button that show us the form to login, Manuel enters 'meerazo7@hotmail.com' into where do we write the user, Manuel enters 'Manuel123*' into where do we write the password, Manuel clicks on button to confirm login]]
[Test worker] WARN net.thucydides.core.steps.BaseStepListener - stepStarted: net.thucydides.core.steps.ExecutedStepDescription@283f4ba6
[Test worker] WARN net.thucydides.core.steps.BaseStepListener - stepFinished: current outcome:Login the user:Given than manuel wants to learn automation at the utest
| strUsername | strPassword |
| meerazo7@hotmail.com | Manuel123* | [Manuel open up [Manuel opens the Utest page], Manuel login [Manuel clicks on button that show us the form to login, Manuel enters 'meerazo7@hotmail.com' into where do we write the user, Manuel enters 'Manuel123*' into where do we write the password, Manuel clicks on button to confirm login]], When he finds the coursed called utest
[Test worker] WARN net.thucydides.core.steps.BaseStepListener - stepStarted: net.thucydides.core.steps.ExecutedStepDescription@5dc14fb5
[Test worker] WARN net.thucydides.core.steps.BaseStepListener - stepStarted: net.thucydides.core.steps.ExecutedStepDescription@10d64af3
[Test worker] WARN net.thucydides.core.steps.BaseStepListener - stepStarted: net.thucydides.core.steps.ExecutedStepDescription@6fd046f0
[Test worker] WARN net.thucydides.core.steps.BaseStepListener - stepFinished: current outcome:Login the user:Given than manuel wants to learn automation at the utest
| strUsername | strPassword |
| meerazo7@hotmail.com | Manuel123* | [Manuel open up [Manuel opens the Utest page], Manuel login [Manuel clicks on button that show us the form to login, Manuel enters 'meerazo7@hotmail.com' into where do we write the user, Manuel enters 'Manuel123*' into where do we write the password, Manuel clicks on button to confirm login]], When he finds the coursed called utest, Then the user Logout with their credentials [Manuel log out [Manuel clicks on expand button]]
[Test worker] WARN net.thucydides.core.steps.BaseStepListener - stepStarted: net.thucydides.core.steps.ExecutedStepDescription@274d3ff7
[Test worker] WARN net.thucydides.core.steps.BaseStepListener - stepFinished: current outcome:Login the user:Given than manuel wants to learn automation at the utest
| strUsername | strPassword |
| meerazo7@hotmail.com | Manuel123* | [Manuel open up [Manuel opens the Utest page], Manuel login [Manuel clicks on button that show us the form to login, Manuel enters 'meerazo7@hotmail.com' into where do we write the user, Manuel enters 'Manuel123*' into where do we write the password, Manuel clicks on button to confirm login]], When he finds the coursed called utest, Then the user Logout with their credentials [Manuel log out [Manuel clicks on expand button, Manuel clicks on Logout button]]
[Test worker] WARN net.thucydides.core.steps.BaseStepListener - stepFinished: current outcome:Login the user:Given than manuel wants to learn automation at the utest
| strUsername | strPassword |
| meerazo7@hotmail.com | Manuel123* | [Manuel open up [Manuel opens the Utest page], Manuel login [Manuel clicks on button that show us the form to login, Manuel enters 'meerazo7@hotmail.com' into where do we write the user, Manuel enters 'Manuel123*' into where do we write the password, Manuel clicks on button to confirm login]], When he finds the coursed called utest, Then the user Logout with their credentials [Manuel log out [Manuel clicks on expand button, Manuel clicks on Logout button]]
[Test worker] WARN net.thucydides.core.steps.BaseStepListener - stepFinished: current outcome:Login the user:Given than manuel wants to learn automation at the utest
| strUsername | strPassword |
| meerazo7@hotmail.com | Manuel123* | [Manuel open up [Manuel opens the Utest page], Manuel login [Manuel clicks on button that show us the form to login, Manuel enters 'meerazo7@hotmail.com' into where do we write the user, Manuel enters 'Manuel123*' into where do we write the password, Manuel clicks on button to confirm login]], When he finds the coursed called utest, Then the user Logout with their credentials [Manuel log out [Manuel clicks on expand button, Manuel clicks on Logout button]]
[Test worker] WARN net.thucydides.core.steps.BaseStepListener - testFinished: Login the user:Given than manuel wants to learn automation at the utest
| strUsername | strPassword |
| meerazo7@hotmail.com | Manuel123* | [Manuel open up [Manuel opens the Utest page], Manuel login [Manuel clicks on button that show us the form to login, Manuel enters 'meerazo7@hotmail.com' into where do we write the user, Manuel enters 'Manuel123*' into where do we write the password, Manuel clicks on button to confirm login]], When he finds the coursed called utest, Then the user Logout with their credentials [Manuel log out [Manuel clicks on expand button, Manuel clicks on Logout button]]
[Test worker] WARN net.thucydides.core.steps.BaseStepListener - TestOutcomes: [Login the user:Given than manuel wants to learn automation at the utest
| strUsername | strPassword |
| meerazo7@hotmail.com | Manuel123* | [Manuel open up [Manuel opens the Utest page], Manuel login [Manuel clicks on button that show us the form to login, Manuel enters 'meerazo7@hotmail.com' into where do we write the user, Manuel enters 'Manuel123*' into where do we write the password, Manuel clicks on button to confirm login]], When he finds the coursed called utest, Then the user Logout with their credentials [Manuel log out [Manuel clicks on expand button, Manuel clicks on Logout button]]]
[Test worker] WARN net.thucydides.core.steps.BaseStepListener - Final testOutcomes: [Login the user:Given than manuel wants to learn automation at the utest
| strUsername | strPassword |
| meerazo7@hotmail.com | Manuel123* | [Manuel open up [Manuel opens the Utest page], Manuel login [Manuel clicks on button that show us the form to login, Manuel enters 'meerazo7@hotmail.com' into where do we write the user, Manuel enters 'Manuel123*' into where do we write the password, Manuel clicks on button to confirm login]], When he finds the coursed called utest, Then the user Logout with their credentials [Manuel log out [Manuel clicks on expand button, Manuel clicks on Logout button]]]
[Test worker] INFO net.thucydides.core.steps.ConsoleLoggingListener - 
        __    _____ _____ ____ _____   ____   _    ____  ____  _____ ____  
  _     \ \  |_   _| ____/ ___|_   _| |  _ \ / \  / ___|/ ___|| ____|  _ \ 
 (_)_____| |   | | |  _| \___ \ | |   | |_) / _ \ \___ \\___ \|  _| | | | |
  _|_____| |   | | | |___ ___) || |   |  __/ ___ \ ___) |___) | |___| |_| |
 (_)     | |   |_| |_____|____/ |_|   |_| /_/   \_\____/|____/|_____|____/ 
        /_/                                                                

TEST PASSED: Login the user
----------------------------------------------------------------------------
[Test worker] WARN net.thucydides.core.steps.BaseStepListener - stepStarted: net.thucydides.core.steps.ExecutedStepDescription@20e2e59
[Test worker] WARN net.thucydides.core.steps.BaseStepListener - stepStarted: net.thucydides.core.steps.ExecutedStepDescription@272433e5
[Test worker] WARN net.thucydides.core.steps.BaseStepListener - stepStarted: net.thucydides.core.steps.ExecutedStepDescription@4135bdb9
mar 30, 2022 9:53:33 P. M. org.openqa.selenium.remote.DesiredCapabilities chrome
INFORMACIÓN: Using `new ChromeOptions()` is preferred to `DesiredCapabilities.chrome()`
[Test worker] INFO net.serenitybdd.core.webdriver.driverproviders.ProvideNewDriver - Instantiating driver
[Test worker] INFO net.serenitybdd.core.webdriver.driverproviders.ProvideNewDriver - Driver capabilities: Capabilities {acceptInsecureCerts: false, browserName: chrome, chrome.switches: --start-maximized, goog:chromeOptions: {args: [--start-maximized], extensions: []}, loggingPrefs: org.openqa.selenium.logging..., platform: ANY, version: }
Starting ChromeDriver 99.0.4844.51 (d537ec02474b5afe23684e7963d538896c63ac77-refs/branch-heads/4844@{#875}) on port 14219
Only local connections are allowed.
Please see https://chromedriver.chromium.org/security-considerations for suggestions on keeping ChromeDriver safe.
ChromeDriver was started successfully.
mar 30, 2022 9:53:34 P. M. org.openqa.selenium.remote.ProtocolHandshake createSession
INFORMACIÓN: Detected dialect: W3C
[Test worker] WARN net.thucydides.core.steps.BaseStepListener - stepFinished: current outcome:Register a new user:Given set data in fields
| strFirstName | strLastName | strEmailAddress |
| Juan | Carabali | mowafo1178@sartess.com | [Manuel open up [Manuel opens the Utest page]]
[Test worker] WARN net.thucydides.core.steps.BaseStepListener - stepFinished: current outcome:Register a new user:Given set data in fields
| strFirstName | strLastName | strEmailAddress |
| Juan | Carabali | mowafo1178@sartess.com | [Manuel open up [Manuel opens the Utest page]]
[Test worker] WARN net.thucydides.core.steps.BaseStepListener - stepStarted: net.thucydides.core.steps.ExecutedStepDescription@1241ffd1
[Test worker] WARN net.thucydides.core.steps.BaseStepListener - stepStarted: net.thucydides.core.steps.ExecutedStepDescription@4d1e0cad
[Test worker] WARN net.thucydides.core.steps.BaseStepListener - stepFinished: current outcome:Register a new user:Given set data in fields
| strFirstName | strLastName | strEmailAddress |
| Juan | Carabali | mowafo1178@sartess.com | [Manuel open up [Manuel opens the Utest page], Manuel register [Manuel clicks on button register]]
[Test worker] WARN net.thucydides.core.steps.BaseStepListener - stepStarted: net.thucydides.core.steps.ExecutedStepDescription@3c0cc615
[Test worker] WARN net.thucydides.core.steps.BaseStepListener - stepFinished: current outcome:Register a new user:Given set data in fields
| strFirstName | strLastName | strEmailAddress |
| Juan | Carabali | mowafo1178@sartess.com | [Manuel open up [Manuel opens the Utest page], Manuel register [Manuel clicks on button register, Manuel enters 'Juan' into where do we write the first name]]
[Test worker] WARN net.thucydides.core.steps.BaseStepListener - stepStarted: net.thucydides.core.steps.ExecutedStepDescription@5f308ec3
[Test worker] WARN net.thucydides.core.steps.BaseStepListener - stepFinished: current outcome:Register a new user:Given set data in fields
| strFirstName | strLastName | strEmailAddress |
| Juan | Carabali | mowafo1178@sartess.com | [Manuel open up [Manuel opens the Utest page], Manuel register [Manuel clicks on button register, Manuel enters 'Juan' into where do we write the first name, Manuel enters 'Carabali' into where do we write the last name]]
[Test worker] WARN net.thucydides.core.steps.BaseStepListener - stepStarted: net.thucydides.core.steps.ExecutedStepDescription@4b9a6fc5
[Test worker] WARN net.thucydides.core.steps.BaseStepListener - stepFinished: current outcome:Register a new user:Given set data in fields
| strFirstName | strLastName | strEmailAddress |
| Juan | Carabali | mowafo1178@sartess.com | [Manuel open up [Manuel opens the Utest page], Manuel register [Manuel clicks on button register, Manuel enters 'Juan' into where do we write the first name, Manuel enters 'Carabali' into where do we write the last name, Manuel enters 'mowafo1178@sartess.com' into where do we write the email]]
[Test worker] WARN net.thucydides.core.steps.BaseStepListener - stepStarted: net.thucydides.core.steps.ExecutedStepDescription@2e37b9ab
[Test worker] WARN net.thucydides.core.steps.BaseStepListener - stepFinished: current outcome:Register a new user:Given set data in fields
| strFirstName | strLastName | strEmailAddress |
| Juan | Carabali | mowafo1178@sartess.com | [Manuel open up [Manuel opens the Utest page], Manuel register [Manuel clicks on button register, Manuel enters 'Juan' into where do we write the first name, Manuel enters 'Carabali' into where do we write the last name, Manuel enters 'mowafo1178@sartess.com' into where do we write the email, Manuel clicks on where do we write the month]]
[Test worker] WARN net.thucydides.core.steps.BaseStepListener - stepStarted: net.thucydides.core.steps.ExecutedStepDescription@7bab11fd
[Test worker] WARN net.thucydides.core.steps.BaseStepListener - stepFinished: current outcome:Register a new user:Given set data in fields
| strFirstName | strLastName | strEmailAddress |
| Juan | Carabali | mowafo1178@sartess.com | [Manuel open up [Manuel opens the Utest page], Manuel register [Manuel clicks on button register, Manuel enters 'Juan' into where do we write the first name, Manuel enters 'Carabali' into where do we write the last name, Manuel enters 'mowafo1178@sartess.com' into where do we write the email, Manuel clicks on where do we write the month, Manuel clicks on where do we write the month]]
[Test worker] WARN net.thucydides.core.steps.BaseStepListener - stepStarted: net.thucydides.core.steps.ExecutedStepDescription@5383421
[Test worker] WARN net.thucydides.core.steps.BaseStepListener - stepFinished: current outcome:Register a new user:Given set data in fields
| strFirstName | strLastName | strEmailAddress |
| Juan | Carabali | mowafo1178@sartess.com | [Manuel open up [Manuel opens the Utest page], Manuel register [Manuel clicks on button register, Manuel enters 'Juan' into where do we write the first name, Manuel enters 'Carabali' into where do we write the last name, Manuel enters 'mowafo1178@sartess.com' into where do we write the email, Manuel clicks on where do we write the month, Manuel clicks on where do we write the month, Manuel clicks on where do we write the day]]
[Test worker] WARN net.thucydides.core.steps.BaseStepListener - stepStarted: net.thucydides.core.steps.ExecutedStepDescription@372a970f
[Test worker] WARN net.thucydides.core.steps.BaseStepListener - stepFinished: current outcome:Register a new user:Given set data in fields
| strFirstName | strLastName | strEmailAddress |
| Juan | Carabali | mowafo1178@sartess.com | [Manuel open up [Manuel opens the Utest page], Manuel register [Manuel clicks on button register, Manuel enters 'Juan' into where do we write the first name, Manuel enters 'Carabali' into where do we write the last name, Manuel enters 'mowafo1178@sartess.com' into where do we write the email, Manuel clicks on where do we write the month, Manuel clicks on where do we write the month, Manuel clicks on where do we write the day, Manuel clicks on where do we write the day]]
[Test worker] WARN net.thucydides.core.steps.BaseStepListener - stepStarted: net.thucydides.core.steps.ExecutedStepDescription@17505b0b
[Test worker] WARN net.thucydides.core.steps.BaseStepListener - stepFinished: current outcome:Register a new user:Given set data in fields
| strFirstName | strLastName | strEmailAddress |
| Juan | Carabali | mowafo1178@sartess.com | [Manuel open up [Manuel opens the Utest page], Manuel register [Manuel clicks on button register, Manuel enters 'Juan' into where do we write the first name, Manuel enters 'Carabali' into where do we write the last name, Manuel enters 'mowafo1178@sartess.com' into where do we write the email, Manuel clicks on where do we write the month, Manuel clicks on where do we write the month, Manuel clicks on where do we write the day, Manuel clicks on where do we write the day, Manuel clicks on where do we write the year]]
[Test worker] WARN net.thucydides.core.steps.BaseStepListener - stepStarted: net.thucydides.core.steps.ExecutedStepDescription@6bc9d4ff
[Test worker] WARN net.thucydides.core.steps.BaseStepListener - stepFinished: current outcome:Register a new user:Given set data in fields
| strFirstName | strLastName | strEmailAddress |
| Juan | Carabali | mowafo1178@sartess.com | [Manuel open up [Manuel opens the Utest page], Manuel register [Manuel clicks on button register, Manuel enters 'Juan' into where do we write the first name, Manuel enters 'Carabali' into where do we write the last name, Manuel enters 'mowafo1178@sartess.com' into where do we write the email, Manuel clicks on where do we write the month, Manuel clicks on where do we write the month, Manuel clicks on where do we write the day, Manuel clicks on where do we write the day, Manuel clicks on where do we write the year, Manuel clicks on where do we write the year]]
[Test worker] WARN net.thucydides.core.steps.BaseStepListener - stepStarted: net.thucydides.core.steps.ExecutedStepDescription@22f0b1ff
[Test worker] WARN net.thucydides.core.steps.BaseStepListener - stepFinished: current outcome:Register a new user:Given set data in fields
| strFirstName | strLastName | strEmailAddress |
| Juan | Carabali | mowafo1178@sartess.com | [Manuel open up [Manuel opens the Utest page], Manuel register [Manuel clicks on button register, Manuel enters 'Juan' into where do we write the first name, Manuel enters 'Carabali' into where do we write the last name, Manuel enters 'mowafo1178@sartess.com' into where do we write the email, Manuel clicks on where do we write the month, Manuel clicks on where do we write the month, Manuel clicks on where do we write the day, Manuel clicks on where do we write the day, Manuel clicks on where do we write the year, Manuel clicks on where do we write the year, Manuel clicks on next button]]
[Test worker] WARN net.thucydides.core.steps.BaseStepListener - stepFinished: current outcome:Register a new user:Given set data in fields
| strFirstName | strLastName | strEmailAddress |
| Juan | Carabali | mowafo1178@sartess.com | [Manuel open up [Manuel opens the Utest page], Manuel register [Manuel clicks on button register, Manuel enters 'Juan' into where do we write the first name, Manuel enters 'Carabali' into where do we write the last name, Manuel enters 'mowafo1178@sartess.com' into where do we write the email, Manuel clicks on where do we write the month, Manuel clicks on where do we write the month, Manuel clicks on where do we write the day, Manuel clicks on where do we write the day, Manuel clicks on where do we write the year, Manuel clicks on where do we write the year, Manuel clicks on next button]]
[Test worker] WARN net.thucydides.core.steps.BaseStepListener - stepFinished: current outcome:Register a new user:Given set data in fields
| strFirstName | strLastName | strEmailAddress |
| Juan | Carabali | mowafo1178@sartess.com | [Manuel open up [Manuel opens the Utest page], Manuel register [Manuel clicks on button register, Manuel enters 'Juan' into where do we write the first name, Manuel enters 'Carabali' into where do we write the last name, Manuel enters 'mowafo1178@sartess.com' into where do we write the email, Manuel clicks on where do we write the month, Manuel clicks on where do we write the month, Manuel clicks on where do we write the day, Manuel clicks on where do we write the day, Manuel clicks on where do we write the year, Manuel clicks on where do we write the year, Manuel clicks on next button]]
[Test worker] WARN net.thucydides.core.steps.BaseStepListener - testFinished: Register a new user:Given set data in fields
| strFirstName | strLastName | strEmailAddress |
| Juan | Carabali | mowafo1178@sartess.com | [Manuel open up [Manuel opens the Utest page], Manuel register [Manuel clicks on button register, Manuel enters 'Juan' into where do we write the first name, Manuel enters 'Carabali' into where do we write the last name, Manuel enters 'mowafo1178@sartess.com' into where do we write the email, Manuel clicks on where do we write the month, Manuel clicks on where do we write the month, Manuel clicks on where do we write the day, Manuel clicks on where do we write the day, Manuel clicks on where do we write the year, Manuel clicks on where do we write the year, Manuel clicks on next button]]
[Test worker] WARN net.thucydides.core.steps.BaseStepListener - TestOutcomes: [Login the user:Given than manuel wants to learn automation at the utest
| strUsername | strPassword |
| meerazo7@hotmail.com | Manuel123* | [Manuel open up [Manuel opens the Utest page], Manuel login [Manuel clicks on button that show us the form to login, Manuel enters 'meerazo7@hotmail.com' into where do we write the user, Manuel enters 'Manuel123*' into where do we write the password, Manuel clicks on button to confirm login]], When he finds the coursed called utest, Then the user Logout with their credentials [Manuel log out [Manuel clicks on expand button, Manuel clicks on Logout button]], Register a new user:Given set data in fields
| strFirstName | strLastName | strEmailAddress |
| Juan | Carabali | mowafo1178@sartess.com | [Manuel open up [Manuel opens the Utest page], Manuel register [Manuel clicks on button register, Manuel enters 'Juan' into where do we write the first name, Manuel enters 'Carabali' into where do we write the last name, Manuel enters 'mowafo1178@sartess.com' into where do we write the email, Manuel clicks on where do we write the month, Manuel clicks on where do we write the month, Manuel clicks on where do we write the day, Manuel clicks on where do we write the day, Manuel clicks on where do we write the year, Manuel clicks on where do we write the year, Manuel clicks on next button]]]
[Test worker] WARN net.thucydides.core.steps.BaseStepListener - Final testOutcomes: [Login the user:Given than manuel wants to learn automation at the utest
| strUsername | strPassword |
| meerazo7@hotmail.com | Manuel123* | [Manuel open up [Manuel opens the Utest page], Manuel login [Manuel clicks on button that show us the form to login, Manuel enters 'meerazo7@hotmail.com' into where do we write the user, Manuel enters 'Manuel123*' into where do we write the password, Manuel clicks on button to confirm login]], When he finds the coursed called utest, Then the user Logout with their credentials [Manuel log out [Manuel clicks on expand button, Manuel clicks on Logout button]], Register a new user:Given set data in fields
| strFirstName | strLastName | strEmailAddress |
| Juan | Carabali | mowafo1178@sartess.com | [Manuel open up [Manuel opens the Utest page], Manuel register [Manuel clicks on button register, Manuel enters 'Juan' into where do we write the first name, Manuel enters 'Carabali' into where do we write the last name, Manuel enters 'mowafo1178@sartess.com' into where do we write the email, Manuel clicks on where do we write the month, Manuel clicks on where do we write the month, Manuel clicks on where do we write the day, Manuel clicks on where do we write the day, Manuel clicks on where do we write the year, Manuel clicks on where do we write the year, Manuel clicks on next button]]]
[Test worker] INFO net.thucydides.core.steps.ConsoleLoggingListener - 
        __    _____ _____ ____ _____   ____   _    ____  ____  _____ ____  
  _     \ \  |_   _| ____/ ___|_   _| |  _ \ / \  / ___|/ ___|| ____|  _ \ 
 (_)_____| |   | | |  _| \___ \ | |   | |_) / _ \ \___ \\___ \|  _| | | | |
  _|_____| |   | | | |___ ___) || |   |  __/ ___ \ ___) |___) | |___| |_| |
 (_)     | |   |_| |_____|____/ |_|   |_| /_/   \_\____/|____/|_____|____/ 
        /_/                                                                

TEST PASSED: Register a new user
----------------------------------------------------------------------------
]]></system-err>
</testsuite>
